0 info it worked if it ends with ok
1 verbose cli [ '/Users/tyadams/.nvm/versions/node/v5.6.0/bin/node',
1 verbose cli   '/Users/tyadams/.nvm/versions/node/v5.6.0/bin/npm',
1 verbose cli   'start' ]
2 info using npm@3.8.5
3 info using node@v5.6.0
4 verbose run-script [ 'prestart', 'start', 'poststart' ]
5 info lifecycle todos-api@0.0.0~prestart: todos-api@0.0.0
6 silly lifecycle todos-api@0.0.0~prestart: no script for prestart, continuing
7 info lifecycle todos-api@0.0.0~start: todos-api@0.0.0
8 verbose lifecycle todos-api@0.0.0~start: unsafe-perm in lifecycle true
9 verbose lifecycle todos-api@0.0.0~start: PATH: /Users/tyadams/.nvm/versions/node/v5.6.0/lib/node_modules/npm/bin/node-gyp-bin:/Users/tyadams/Code/todos-api/node_modules/.bin:/Users/tyadams/.nvm/versions/node/v5.6.0/bin:/Users/tyadams/.nvm/versions/node/v5.6.0/bin:/Users/tyadams/.rbenv/shims:/Users/tyadams/.rbenv/bin:/Users/tyadams/Code/infrastructure/lib:/Users/tyadams/Code/infrastructure/fc_tools/bin:/Users/tyadams/Code/infrastructure/fc_aws/bin:/Users/tyadams/Code/infrastructure/lib/aws-elb/bin:/Users/tyadams/Code/infrastructure/lib/aws-ec2/bin:/Users/tyadams/Code/infrastructure/lib/aws-autoscaling/bin:/Users/tyadams/Code/infrastructure/lib/aws-cloudwatch/bin:/Users/tyadams/Code/infrastructure/lib/aws-rds/bin:/usr/local/opt/apache-maven-3.3.9/bin:/Users/tyadams/Code/infrastructure/lib:/Users/tyadams/Code/infrastructure/fc_tools/bin:/Users/tyadams/Code/infrastructure/fc_aws/bin:/Users/tyadams/Code/infrastructure/lib/aws-elb/bin:/Users/tyadams/Code/infrastructure/lib/aws-ec2/bin:/Users/tyadams/Code/infrastructure/lib/aws-autoscaling/bin:/Users/tyadams/Code/infrastructure/lib/aws-cloudwatch/bin:/Users/tyadams/Code/infrastructure/lib/aws-rds/bin:/usr/local/bin:/usr/bin:/bin:/usr/sbin:/sbin:/usr/local/mysql/bin:/usr/local/mongodb/bin:/Applications/Postgres.app/Contents/Versions/latest/bin
10 verbose lifecycle todos-api@0.0.0~start: CWD: /Users/tyadams/Code/todos-api
11 silly lifecycle todos-api@0.0.0~start: Args: [ '-c', 'node ./bin/www' ]
12 silly lifecycle todos-api@0.0.0~start: Returned: code: 1  signal: null
13 info lifecycle todos-api@0.0.0~start: Failed to exec start script
14 verbose stack Error: todos-api@0.0.0 start: `node ./bin/www`
14 verbose stack Exit status 1
14 verbose stack     at EventEmitter.<anonymous> (/Users/tyadams/.nvm/versions/node/v5.6.0/lib/node_modules/npm/lib/utils/lifecycle.js:239:16)
14 verbose stack     at emitTwo (events.js:100:13)
14 verbose stack     at EventEmitter.emit (events.js:185:7)
14 verbose stack     at ChildProcess.<anonymous> (/Users/tyadams/.nvm/versions/node/v5.6.0/lib/node_modules/npm/lib/utils/spawn.js:24:14)
14 verbose stack     at emitTwo (events.js:100:13)
14 verbose stack     at ChildProcess.emit (events.js:185:7)
14 verbose stack     at maybeClose (internal/child_process.js:827:16)
14 verbose stack     at Process.ChildProcess._handle.onexit (internal/child_process.js:211:5)
15 verbose pkgid todos-api@0.0.0
16 verbose cwd /Users/tyadams/Code/todos-api
17 error Darwin 16.3.0
18 error argv "/Users/tyadams/.nvm/versions/node/v5.6.0/bin/node" "/Users/tyadams/.nvm/versions/node/v5.6.0/bin/npm" "start"
19 error node v5.6.0
20 error npm  v3.8.5
21 error code ELIFECYCLE
22 error todos-api@0.0.0 start: `node ./bin/www`
22 error Exit status 1
23 error Failed at the todos-api@0.0.0 start script 'node ./bin/www'.
23 error Make sure you have the latest version of node.js and npm installed.
23 error If you do, this is most likely a problem with the todos-api package,
23 error not with npm itself.
23 error Tell the author that this fails on your system:
23 error     node ./bin/www
23 error You can get information on how to open an issue for this project with:
23 error     npm bugs todos-api
23 error Or if that isn't available, you can get their info via:
23 error     npm owner ls todos-api
23 error There is likely additional logging output above.
24 verbose exit [ 1, true ]
